<?xml version="1.0" encoding="UTF-8"?>
<!-- Generated by org.testng.reporters.JUnitXMLReporter -->
<testsuite ignored="0" hostname="iamnisar812" failures="1" tests="12" name="Personal Loan" time="0.084" errors="0" timestamp="2023-11-12T15:17:04 IST">
  <testcase classname="Tests.day3" name="@BeforeClass beforeClass" time="-1.699782424075E9">
    <failure type="org.testng.TestNGException" message="
Parameter &amp;apos;URL&amp;apos; is required by BeforeClass on method beforeClass but has not been marked @Optional or defined
in C:\Users\iamni\git\JavaProjects\TestNGTutorial\testng2.xml">
      <![CDATA[org.testng.TestNGException: 
Parameter 'URL' is required by BeforeClass on method beforeClass but has not been marked @Optional or defined
in C:\Users\iamni\git\JavaProjects\TestNGTutorial\testng2.xml
at java.base/java.util.ArrayList.forEach(ArrayList.java:1511)
... Removed 22 stack frames]]>
    </failure>
  </testcase> <!-- @BeforeClass beforeClass -->
  <testcase classname="Tests.day3" name="@BeforeMethod beforeEveryMethod" time="-1.699782424079E9">
    <skipped/>
  </testcase> <!-- @BeforeMethod beforeEveryMethod -->
  <testcase classname="Tests.day3" name="@AfterMethod afterEveryMethod" time="-1.699782424083E9">
    <skipped/>
  </testcase> <!-- @AfterMethod afterEveryMethod -->
  <testcase classname="Tests.day3" name="@BeforeMethod beforeEveryMethod" time="-1.699782424084E9">
    <skipped/>
  </testcase> <!-- @BeforeMethod beforeEveryMethod -->
  <testcase classname="Tests.day3" name="@AfterMethod afterEveryMethod" time="-1.699782424087E9">
    <skipped/>
  </testcase> <!-- @AfterMethod afterEveryMethod -->
  <testcase classname="Tests.day3" name="@BeforeMethod beforeEveryMethod" time="-1.699782424089E9">
    <skipped/>
  </testcase> <!-- @BeforeMethod beforeEveryMethod -->
  <testcase classname="Tests.day3" name="@AfterMethod afterEveryMethod" time="-1.699782424091E9">
    <skipped/>
  </testcase> <!-- @AfterMethod afterEveryMethod -->
  <testcase classname="Tests.day3" name="@BeforeMethod beforeEveryMethod" time="-1.699782424096E9">
    <skipped/>
  </testcase> <!-- @BeforeMethod beforeEveryMethod -->
  <testcase classname="Tests.day3" name="@AfterMethod afterEveryMethod" time="-1.699782424103E9">
    <skipped/>
  </testcase> <!-- @AfterMethod afterEveryMethod -->
  <testcase classname="Tests.day3" name="@BeforeMethod beforeEveryMethod" time="-1.699782424103E9">
    <skipped/>
  </testcase> <!-- @BeforeMethod beforeEveryMethod -->
  <testcase classname="Tests.day3" name="@AfterMethod afterEveryMethod" time="-1.699782424106E9">
    <skipped/>
  </testcase> <!-- @AfterMethod afterEveryMethod -->
  <testcase classname="Tests.day3" name="@BeforeMethod beforeEveryMethod" time="-1.699782424107E9">
    <skipped/>
  </testcase> <!-- @BeforeMethod beforeEveryMethod -->
  <testcase classname="Tests.day3" name="@AfterMethod afterEveryMethod" time="-1.699782424109E9">
    <skipped/>
  </testcase> <!-- @AfterMethod afterEveryMethod -->
  <testcase classname="Tests.day1" name="Demo" time="0.006">
    <failure type="java.lang.AssertionError" message="expected [true] but found [false]">
      <![CDATA[java.lang.AssertionError: expected [true] but found [false]
at Tests.day1.Demo(day1.java:11)
at java.base/java.util.ArrayList.forEach(ArrayList.java:1511)
... Removed 31 stack frames]]>
    </failure>
  </testcase> <!-- Demo -->
  <testcase classname="Tests.day1" name="SecondTest" time="0.001"/>
  <testcase classname="Tests.day2" name="pLoan" time="0.001"/>
  <testcase classname="Tests.day3" name="ApiLoginCarLoan" time="0.0">
    <skipped/>
  </testcase> <!-- ApiLoginCarLoan -->
  <testcase classname="Tests.day3" name="MobileLoginCarLoan" time="0.0">
    <skipped/>
  </testcase> <!-- MobileLoginCarLoan -->
  <testcase classname="Tests.day3" name="WebLoginCarLoan" time="0.0">
    <skipped/>
  </testcase> <!-- WebLoginCarLoan -->
  <testcase classname="Tests.day3" name="usingDataProvider" time="0.0">
    <skipped/>
  </testcase> <!-- usingDataProvider -->
  <testcase classname="Tests.day3" name="usingDataProvider" time="0.0">
    <skipped/>
  </testcase> <!-- usingDataProvider -->
  <testcase classname="Tests.day3" name="usingDataProvider" time="0.0">
    <skipped/>
  </testcase> <!-- usingDataProvider -->
  <testcase classname="Tests.day4" name="MobileLoginHomeLoan" time="0.001"/>
  <testcase classname="Tests.day4" name="WebLoginHomeLoan" time="0.001"/>
  <testcase classname="Tests.day4" name="ApiLoginHomeLoan" time="0.001"/>
</testsuite> <!-- Personal Loan -->
